#
# There is insufficient memory for the Java Runtime Environment to continue.
# Native memory allocation (mmap) failed to map 260046848 bytes for Failed to commit area from 0x0000000709800000 to 0x0000000719000000 of length 260046848.
# Possible reasons:
#   The system is out of physical RAM or swap space
#   The process is running with CompressedOops enabled, and the Java Heap may be blocking the growth of the native heap
# Possible solutions:
#   Reduce memory load on the system
#   Increase physical memory or swap space
#   Check if swap backing store is full
#   Decrease Java heap size (-Xmx/-Xms)
#   Decrease number of Java threads
#   Decrease Java thread stack sizes (-Xss)
#   Set larger code cache with -XX:ReservedCodeCacheSize=
# This output file may be truncated or incomplete.
#
#  Out of Memory Error (./src/hotspot/os/windows/os_windows.cpp:3521), pid=6012, tid=19416
#
# JRE version:  (11.0.12+7) (build )
# Java VM: OpenJDK 64-Bit Server VM (11.0.12+7-b1504.28-7817840, mixed mode, sharing, tiered, compressed oops, g1 gc, windows-amd64)
# No core dump will be written. Minidumps are not enabled by default on client versions of Windows
#

---------------  S U M M A R Y ------------

Command Line: git4idea.http.GitAskPassApp Username for 'https://github.com': 

Host: AMD Ryzen 5 5500U with Radeon Graphics         , 12 cores, 15G,  Windows 10 , 64 bit Build 19041 (10.0.19041.3636)
Time: Sat Dec 23 00:57:28 2023 SE Asia Standard Time elapsed time: 0.020786 seconds (0d 0h 0m 0s)

---------------  T H R E A D  ---------------

Current thread (0x0000027157232800):  JavaThread "Unknown thread" [_thread_in_vm, id=19416, stack(0x0000008dd4000000,0x0000008dd4100000)]

Stack: [0x0000008dd4000000,0x0000008dd4100000]
Native frames: (J=compiled Java code, j=interpreted, Vv=VM code, C=native code)
V  [jvm.dll+0x5fbcea]
V  [jvm.dll+0x731905]
V  [jvm.dll+0x732f1d]
V  [jvm.dll+0x7335d3]
V  [jvm.dll+0x247bf8]
V  [jvm.dll+0x5f90b4]
V  [jvm.dll+0x5edc85]
V  [jvm.dll+0x305aeb]
V  [jvm.dll+0x305a5a]
V  [jvm.dll+0x305932]
V  [jvm.dll+0x30a896]
V  [jvm.dll+0x353803]
V  [jvm.dll+0x353f06]
V  [jvm.dll+0x353903]
V  [jvm.dll+0x2e0678]
V  [jvm.dll+0x2e1827]
V  [jvm.dll+0x710037]
V  [jvm.dll+0x71182c]
V  [jvm.dll+0x360da9]
V  [jvm.dll+0x6f390e]
V  [jvm.dll+0x3c9723]
V  [jvm.dll+0x3cb9b1]
C  [jli.dll+0x536b]
C  [ucrtbase.dll+0x21bb2]
C  [KERNEL32.DLL+0x17344]
C  [ntdll.dll+0x526b1]


---------------  P R O C E S S  ---------------

Threads class SMR info:
_java_thread_list=0x0000027155063df0, length=0, elements={
}

Java Threads: ( => current thread )

Other Threads:
  0x000002715513b000 GCTaskThread "GC Thread#0" [stack: 0x0000008dd4100000,0x0000008dd4200000] [id=11188]
  0x00000271572a0000 ConcurrentGCThread "G1 Main Marker" [stack: 0x0000008dd4200000,0x0000008dd4300000] [id=19492]
  0x00000271572a3800 ConcurrentGCThread "G1 Conc#0" [stack: 0x0000008dd4300000,0x0000008dd4400000] [id=8332]

[error occurred during error reporting (printing all threads), id 0xc0000005, EXCEPTION_ACCESS_VIOLATION (0xc0000005) at pc=0x00007ff89e3a0be7]

VM state:not at safepoint (not fully initialized)

VM Mutex/Monitor currently owned by a thread:  ([mutex/lock_event])
[0x000002715722f7f0] Heap_lock - owner thread: 0x0000027157232800

Heap address: 0x0000000709800000, size: 3944 MB, Compressed Oops mode: Non-zero based: 0x0000000709800000
Narrow klass base: 0x0000000000000000, Narrow klass shift: 0

GC Heap History (0 events):
No events

Deoptimization events (0 events):
No events

Classes redefined (0 events):
No events

Internal exceptions (0 events):
No events

Events (1 events):
Event: 0.015 Loaded shared library C:\Program Files\Android\Android Studio1\jre\bin\zip.dll


Dynamic libraries:
0x00007ff7ee8a0000 - 0x00007ff7ee8aa000 	C:\Program Files\Android\Android Studio1\jre\bin\java.exe
0x00007ff8e17d0000 - 0x00007ff8e19c8000 	C:\Windows\SYSTEM32\ntdll.dll
0x00007ff8e0fb0000 - 0x00007ff8e106d000 	C:\Windows\System32\KERNEL32.DLL
0x00007ff8df1a0000 - 0x00007ff8df496000 	C:\Windows\System32\KERNELBASE.dll
0x00007ff8df0a0000 - 0x00007ff8df1a0000 	C:\Windows\System32\ucrtbase.dll
0x00007ff8dbdb0000 - 0x00007ff8dbdc7000 	C:\Program Files\Android\Android Studio1\jre\bin\VCRUNTIME140.dll
0x00007ff8d8e80000 - 0x00007ff8d8e99000 	C:\Program Files\Android\Android Studio1\jre\bin\jli.dll
0x00007ff8e0980000 - 0x00007ff8e0b1e000 	C:\Windows\System32\USER32.dll
0x00007ff8df070000 - 0x00007ff8df092000 	C:\Windows\System32\win32u.dll
0x00007ff8ce370000 - 0x00007ff8ce60a000 	C:\Windows\WinSxS\amd64_microsoft.windows.common-controls_6595b64144ccf1df_6.0.19041.3636_none_60b6a03d71f818d5\COMCTL32.dll
0x00007ff8e0140000 - 0x00007ff8e016c000 	C:\Windows\System32\GDI32.dll
0x00007ff8e0b20000 - 0x00007ff8e0bbe000 	C:\Windows\System32\msvcrt.dll
0x00007ff8deeb0000 - 0x00007ff8defca000 	C:\Windows\System32\gdi32full.dll
0x00007ff8defd0000 - 0x00007ff8df06d000 	C:\Windows\System32\msvcp_win.dll
0x00007ff8e1610000 - 0x00007ff8e1640000 	C:\Windows\System32\IMM32.DLL
0x00007ff8c18a0000 - 0x00007ff8c193d000 	C:\Program Files\Android\Android Studio1\jre\bin\msvcp140.dll
0x00007ff89e0b0000 - 0x00007ff89eb95000 	C:\Program Files\Android\Android Studio1\jre\bin\server\jvm.dll
0x00007ff8e1560000 - 0x00007ff8e160f000 	C:\Windows\System32\ADVAPI32.dll
0x00007ff8e1640000 - 0x00007ff8e16dc000 	C:\Windows\System32\sechost.dll
0x00007ff8dff90000 - 0x00007ff8e00b6000 	C:\Windows\System32\RPCRT4.dll
0x00007ff8e10d0000 - 0x00007ff8e10d8000 	C:\Windows\System32\PSAPI.DLL
0x00007ff8d3a60000 - 0x00007ff8d3a87000 	C:\Windows\SYSTEM32\WINMM.dll
0x00007ff8d3c60000 - 0x00007ff8d3c6a000 	C:\Windows\SYSTEM32\VERSION.dll
0x00007ff8dc1e0000 - 0x00007ff8dc1e9000 	C:\Windows\SYSTEM32\WSOCK32.dll
0x00007ff8e10e0000 - 0x00007ff8e114b000 	C:\Windows\System32\WS2_32.dll
0x00007ff8dd700000 - 0x00007ff8dd712000 	C:\Windows\SYSTEM32\kernel.appcore.dll
0x00007ff8d9000000 - 0x00007ff8d9011000 	C:\Program Files\Android\Android Studio1\jre\bin\verify.dll
0x00007ff8dcb40000 - 0x00007ff8dcd24000 	C:\Windows\SYSTEM32\DBGHELP.DLL
0x00007ff8c8d60000 - 0x00007ff8c8d94000 	C:\Windows\SYSTEM32\dbgcore.DLL
0x00007ff8df510000 - 0x00007ff8df592000 	C:\Windows\System32\bcryptPrimitives.dll
0x00007ff8d15f0000 - 0x00007ff8d1619000 	C:\Program Files\Android\Android Studio1\jre\bin\java.dll
0x00007ff8d9240000 - 0x00007ff8d924b000 	C:\Program Files\Android\Android Studio1\jre\bin\jimage.dll
0x00007ff8d8cf0000 - 0x00007ff8d8d08000 	C:\Program Files\Android\Android Studio1\jre\bin\zip.dll

dbghelp: loaded successfully - version: 4.0.5 - missing functions: none
symbol engine: initialized successfully - sym options: 0x614 - pdb path: .;C:\Program Files\Android\Android Studio1\jre\bin;C:\Windows\SYSTEM32;C:\Windows\WinSxS\amd64_microsoft.windows.common-controls_6595b64144ccf1df_6.0.19041.3636_none_60b6a03d71f818d5;C:\Program Files\Android\Android Studio1\jre\bin\server

VM Arguments:
java_command: git4idea.http.GitAskPassApp Username for 'https://github.com': 
java_class_path (initial): C:/Program Files/Android/Android Studio1/plugins/git4idea/lib/git4idea-rt.jar;C:/Program Files/Android/Android Studio1/lib/xmlrpc-2.0.1.jar;C:/Program Files/Android/Android Studio1/lib/commons-codec-1.15.jar
Launcher Type: SUN_STANDARD

[Global flags]
     intx CICompilerCount                          = 4                                         {product} {ergonomic}
     uint ConcGCThreads                            = 3                                         {product} {ergonomic}
     uint G1ConcRefinementThreads                  = 10                                        {product} {ergonomic}
   size_t G1HeapRegionSize                         = 1048576                                   {product} {ergonomic}
    uintx GCDrainStackTargetSize                   = 64                                        {product} {ergonomic}
   size_t InitialHeapSize                          = 260046848                                 {product} {ergonomic}
   size_t MarkStackSize                            = 4194304                                   {product} {ergonomic}
   size_t MaxHeapSize                              = 4135583744                                {product} {ergonomic}
   size_t MinHeapDeltaBytes                        = 1048576                                   {product} {ergonomic}
    uintx NonNMethodCodeHeapSize                   = 5836300                                {pd product} {ergonomic}
    uintx NonProfiledCodeHeapSize                  = 122910970                              {pd product} {ergonomic}
    uintx ProfiledCodeHeapSize                     = 122910970                              {pd product} {ergonomic}
    uintx ReservedCodeCacheSize                    = 251658240                              {pd product} {ergonomic}
     bool SegmentedCodeCache                       = true                                      {product} {ergonomic}
     bool UseCompressedClassPointers               = true                                 {lp64_product} {ergonomic}
     bool UseCompressedOops                        = true                                 {lp64_product} {ergonomic}
     bool UseG1GC                                  = true                                      {product} {ergonomic}
     bool UseLargePagesIndividualAllocation        = false                                  {pd product} {ergonomic}

Logging:
Log output configuration:
 #0: stdout all=warning uptime,level,tags
 #1: stderr all=off uptime,level,tags

Environment Variables:
JAVA_HOME=C:\Program Files (x86)\Zulu\zulu-8
PATH=C:\Program Files\Git\mingw64\libexec\git-core;C:\Program Files\Git\mingw64\libexec\git-core;C:\Program Files\Git\mingw64\bin;C:\Program Files\Git\usr\bin;C:\Users\asus\bin;C:\Program Files (x86)\Zulu\zulu-8\bin;D:\kuliah\Semester 4\Praktik industri\New folder\ImageMagick-7.1.1-Q16-HDRI;C:\Users\asus\AppData\Local\Programs\Python\Python311;C:\Program Files\Common Files\Oracle\Java\javapath;C:\Program Files (x86)\Common Files\Intel\Shared Files\cpp\bin\Intel64;D:\kuliah\Bangkit\Zulu;C:\Windows;C:\Windows\System32\Wbem;C:\Windows\System32\WindowsPowerShell\v1.0;C:\Windows\System32\OpenSSH;C:\xampp\mysql\bin;C:\gradle-8.3\bin;D:\xampp\php;C:\ProgramData\ComposerSetup\bin;D:\asus;C:\Program Files\Git\cmd;D:\kuliah\Semester 4\Praktik industri;D:\kuliah\Semester 4\Praktik industri\tesseract-5.3.1;C:\sdk-flutter\flutter\bin;C:\Windows\System32;C:\Program Files (x86)\Windows Kits\10\Windows Performance Toolkit;C:\Users\asus\AppData\Local\Programs\Python\Python311;C:\Users\asus\AppData\Local\Programs\Python\Python311\Scripts;C:\Program Files\MySQL\MySQL Shell 8.0\bin;C:\Users\asus\AppData\Local\Microsoft\WindowsApps;C:\Users\asus\AppData\Local\Programs\Microsoft VS Code\bin;C:\Users\asus\AppData\Roaming\Composer\vendor\bin;D:\asus\heroku\bin;C:\Users\asus\AppData\Roaming\npm;D:\asus\miktex\miktex\bin\x64;D:\asus\Android Studio\dart-sdk;D:\asus\Android Studio\flutter
USERNAME=asus
DISPLAY=:0.0
LC_ALL=en_US.UTF-8
OS=Windows_NT
PROCESSOR_IDENTIFIER=AMD64 Family 23 Model 104 Stepping 1, AuthenticAMD



---------------  S Y S T E M  ---------------

OS: Windows 10 , 64 bit Build 19041 (10.0.19041.3636)
OS uptime: 3 days 0:48 hours

CPU:total 12 (initial active 12) (12 cores per cpu, 2 threads per core) family 23 model 104 stepping 1 microcode 0x0, cmov, cx8, fxsr, mmx, sse, sse2, sse3, ssse3, sse4.1, sse4.2, popcnt, avx, avx2, aes, clmul, mmxext, 3dnowpref, lzcnt, sse4a, ht, tsc, tscinvbit, tscinv, bmi1, bmi2, adx, sha, fma

Memory: 4k page, system-wide physical 15772M (3455M free)
TotalPageFile size 17772M (AvailPageFile size 94M)
current process WorkingSet (physical memory assigned to process): 10M, peak: 10M
current process commit charge ("private bytes"): 64M, peak: 312M

vm_info: OpenJDK 64-Bit Server VM (11.0.12+7-b1504.28-7817840) for windows-amd64 JRE (11.0.12+7-b1504.28-7817840), built on Oct 13 2021 22:12:33 by "builder" with MS VC++ 14.0 (VS2015)

END.
